<?xml version="1.0" encoding="UTF-8"?>
<!-- Generated by org.testng.reporters.JUnitReportReporter -->
<testsuite skipped="0" hostname="amit" name="tests.FlightApplication" tests="1" failures="0" timestamp="02 Oct 2018 15:13:25 GMT" time="5.260" errors="0">
  <testcase name="FlightApplicationDemo" time="5.260" classname="tests.FlightApplication"/>
</testsuite> <!-- tests.FlightApplication -->
