<?xml version="1.0" encoding="UTF-8"?>
<!-- Generated by org.testng.reporters.JUnitReportReporter -->
<testsuite skipped="0" hostname="amit" name="tests.LoginPageTest" tests="2" failures="0" timestamp="02 Oct 2018 07:14:49 GMT" time="50.517" errors="0">
  <testcase name="invalidLoginTest_InvalidUserNameInvalidPassword" time="37.571" classname="tests.LoginPageTest"/>
  <testcase name="invalidLoginTest_EmptyUserEmptyPassword" time="12.946" classname="tests.LoginPageTest"/>
</testsuite> <!-- tests.LoginPageTest -->
